{"/Users/andrew/Projects/Turing/front-end/mod3/projects/personal-project/src/setupTests.js": {"path":"/Users/andrew/Projects/Turing/front-end/mod3/projects/personal-project/src/setupTests.js","statementMap":{"0":{"start":{"line":4,"column":0},"end":{"line":4,"column":38}}},"fnMap":{},"branchMap":{},"s":{"0":4},"f":{},"b":{},"_coverageSchema":"332fd63041d2c1bcb487cc26dd0d5f7d97098a6c","hash":"9fce3b0b06320e17b0dfaadf047c70d4dc5ff1b6"}
,"/Users/andrew/Projects/Turing/front-end/mod3/projects/personal-project/src/Components/App/App.js": {"path":"/Users/andrew/Projects/Turing/front-end/mod3/projects/personal-project/src/Components/App/App.js","statementMap":{"0":{"start":{"line":5,"column":12},"end":{"line":12,"column":1}},"1":{"start":{"line":6,"column":2},"end":{"line":11,"column":4}},"2":{"start":{"line":14,"column":0},"end":{"line":16,"column":2}}},"fnMap":{"0":{"name":"(anonymous_0)","decl":{"start":{"line":5,"column":12},"end":{"line":5,"column":13}},"loc":{"start":{"line":5,"column":18},"end":{"line":12,"column":1}},"line":5}},"branchMap":{},"s":{"0":2,"1":1,"2":2},"f":{"0":1},"b":{},"_coverageSchema":"332fd63041d2c1bcb487cc26dd0d5f7d97098a6c","hash":"dd4fb9e9409609fb56b9568512f57bb1f828419b"}
,"/Users/andrew/Projects/Turing/front-end/mod3/projects/personal-project/src/Components/Footer/Footer.js": {"path":"/Users/andrew/Projects/Turing/front-end/mod3/projects/personal-project/src/Components/Footer/Footer.js","statementMap":{"0":{"start":{"line":4,"column":15},"end":{"line":15,"column":1}},"1":{"start":{"line":5,"column":2},"end":{"line":14,"column":4}},"2":{"start":{"line":17,"column":0},"end":{"line":19,"column":2}}},"fnMap":{"0":{"name":"(anonymous_0)","decl":{"start":{"line":4,"column":15},"end":{"line":4,"column":16}},"loc":{"start":{"line":4,"column":21},"end":{"line":15,"column":1}},"line":4}},"branchMap":{},"s":{"0":2,"1":1,"2":2},"f":{"0":1},"b":{},"_coverageSchema":"332fd63041d2c1bcb487cc26dd0d5f7d97098a6c","hash":"f67cc906c79b478819e60a2621b453d8e2d5c1e4"}
,"/Users/andrew/Projects/Turing/front-end/mod3/projects/personal-project/src/Components/Search/Search.js": {"path":"/Users/andrew/Projects/Turing/front-end/mod3/projects/personal-project/src/Components/Search/Search.js","statementMap":{"0":{"start":{"line":6,"column":4},"end":{"line":6,"column":12}},"1":{"start":{"line":7,"column":4},"end":{"line":9,"column":6}},"2":{"start":{"line":13,"column":28},"end":{"line":13,"column":40}},"3":{"start":{"line":14,"column":4},"end":{"line":14,"column":37}},"4":{"start":{"line":18,"column":22},"end":{"line":18,"column":32}},"5":{"start":{"line":20,"column":4},"end":{"line":31,"column":6}}},"fnMap":{"0":{"name":"(anonymous_0)","decl":{"start":{"line":5,"column":2},"end":{"line":5,"column":3}},"loc":{"start":{"line":5,"column":16},"end":{"line":10,"column":3}},"line":5},"1":{"name":"(anonymous_1)","decl":{"start":{"line":12,"column":17},"end":{"line":12,"column":18}},"loc":{"start":{"line":12,"column":26},"end":{"line":15,"column":3}},"line":12},"2":{"name":"(anonymous_2)","decl":{"start":{"line":17,"column":2},"end":{"line":17,"column":3}},"loc":{"start":{"line":17,"column":11},"end":{"line":32,"column":3}},"line":17}},"branchMap":{},"s":{"0":2,"1":2,"2":1,"3":1,"4":3,"5":3},"f":{"0":2,"1":1,"2":3},"b":{},"_coverageSchema":"332fd63041d2c1bcb487cc26dd0d5f7d97098a6c","hash":"75d0506403f0f9ed9528280b2afa737b40770863"}
,"/Users/andrew/Projects/Turing/front-end/mod3/projects/personal-project/src/router/Router.js": {"path":"/Users/andrew/Projects/Turing/front-end/mod3/projects/personal-project/src/router/Router.js","statementMap":{"0":{"start":{"line":7,"column":18},"end":{"line":17,"column":1}},"1":{"start":{"line":8,"column":2},"end":{"line":16,"column":18}}},"fnMap":{"0":{"name":"(anonymous_0)","decl":{"start":{"line":7,"column":18},"end":{"line":7,"column":19}},"loc":{"start":{"line":8,"column":2},"end":{"line":16,"column":18}},"line":8}},"branchMap":{},"s":{"0":1,"1":1},"f":{"0":1},"b":{},"_coverageSchema":"332fd63041d2c1bcb487cc26dd0d5f7d97098a6c","hash":"0ef36315ec68a843fcff74938a64fc1cd9456c03"}
}
