{"/Users/andrew/Projects/Turing/front-end/mod3/projects/personal-project/src/setupTests.js": {"path":"/Users/andrew/Projects/Turing/front-end/mod3/projects/personal-project/src/setupTests.js","statementMap":{"0":{"start":{"line":4,"column":0},"end":{"line":4,"column":38}}},"fnMap":{},"branchMap":{},"s":{"0":3},"f":{},"b":{},"_coverageSchema":"332fd63041d2c1bcb487cc26dd0d5f7d97098a6c","hash":"9fce3b0b06320e17b0dfaadf047c70d4dc5ff1b6"}
,"/Users/andrew/Projects/Turing/front-end/mod3/projects/personal-project/src/Components/App/App.js": {"path":"/Users/andrew/Projects/Turing/front-end/mod3/projects/personal-project/src/Components/App/App.js","statementMap":{"0":{"start":{"line":4,"column":12},"end":{"line":10,"column":1}},"1":{"start":{"line":5,"column":2},"end":{"line":9,"column":4}},"2":{"start":{"line":12,"column":0},"end":{"line":14,"column":2}}},"fnMap":{"0":{"name":"(anonymous_0)","decl":{"start":{"line":4,"column":12},"end":{"line":4,"column":13}},"loc":{"start":{"line":4,"column":18},"end":{"line":10,"column":1}},"line":4}},"branchMap":{},"s":{"0":2,"1":1,"2":2},"f":{"0":1},"b":{},"_coverageSchema":"332fd63041d2c1bcb487cc26dd0d5f7d97098a6c","hash":"85238126b94b8d0a74c2e33e122298e21c551adb"}
,"/Users/andrew/Projects/Turing/front-end/mod3/projects/personal-project/src/Components/Footer/Footer.js": {"path":"/Users/andrew/Projects/Turing/front-end/mod3/projects/personal-project/src/Components/Footer/Footer.js","statementMap":{"0":{"start":{"line":4,"column":15},"end":{"line":15,"column":1}},"1":{"start":{"line":5,"column":2},"end":{"line":14,"column":4}},"2":{"start":{"line":17,"column":0},"end":{"line":19,"column":2}}},"fnMap":{"0":{"name":"(anonymous_0)","decl":{"start":{"line":4,"column":15},"end":{"line":4,"column":16}},"loc":{"start":{"line":4,"column":21},"end":{"line":15,"column":1}},"line":4}},"branchMap":{},"s":{"0":2,"1":1,"2":2},"f":{"0":1},"b":{},"_coverageSchema":"332fd63041d2c1bcb487cc26dd0d5f7d97098a6c","hash":"f67cc906c79b478819e60a2621b453d8e2d5c1e4"}
,"/Users/andrew/Projects/Turing/front-end/mod3/projects/personal-project/src/router/Router.js": {"path":"/Users/andrew/Projects/Turing/front-end/mod3/projects/personal-project/src/router/Router.js","statementMap":{"0":{"start":{"line":7,"column":18},"end":{"line":17,"column":1}},"1":{"start":{"line":8,"column":2},"end":{"line":16,"column":18}}},"fnMap":{"0":{"name":"(anonymous_0)","decl":{"start":{"line":7,"column":18},"end":{"line":7,"column":19}},"loc":{"start":{"line":8,"column":2},"end":{"line":16,"column":18}},"line":8}},"branchMap":{},"s":{"0":1,"1":1},"f":{"0":1},"b":{},"_coverageSchema":"332fd63041d2c1bcb487cc26dd0d5f7d97098a6c","hash":"0ef36315ec68a843fcff74938a64fc1cd9456c03"}
}
