TN:
SF:/Users/andrew/Projects/Turing/front-end/mod3/projects/personal-project/src/setupTests.js
FNF:0
FNH:0
DA:5,4
DA:10,4
LF:2
LH:2
BRF:0
BRH:0
end_of_record
TN:
SF:/Users/andrew/Projects/Turing/front-end/mod3/projects/personal-project/src/Components/Dashboard/Dashboard.js
FN:5,(anonymous_0)
FNF:1
FNH:1
FNDA:1,(anonymous_0)
DA:5,2
DA:6,1
DA:14,2
LF:3
LH:3
BRF:0
BRH:0
end_of_record
TN:
SF:/Users/andrew/Projects/Turing/front-end/mod3/projects/personal-project/src/Components/Footer/Footer.js
FN:4,(anonymous_0)
FNF:1
FNH:1
FNDA:1,(anonymous_0)
DA:4,2
DA:5,1
DA:17,2
LF:3
LH:3
BRF:0
BRH:0
end_of_record
TN:
SF:/Users/andrew/Projects/Turing/front-end/mod3/projects/personal-project/src/Components/Search/Search.js
FN:5,(anonymous_0)
FN:12,(anonymous_1)
FN:17,(anonymous_2)
FNF:3
FNH:3
FNDA:2,(anonymous_0)
FNDA:1,(anonymous_1)
FNDA:3,(anonymous_2)
DA:6,2
DA:7,2
DA:13,1
DA:14,1
DA:18,3
DA:20,3
LF:6
LH:6
BRF:0
BRH:0
end_of_record
TN:
SF:/Users/andrew/Projects/Turing/front-end/mod3/projects/personal-project/src/router/Router.js
FN:7,(anonymous_0)
FNF:1
FNH:1
FNDA:1,(anonymous_0)
DA:7,1
DA:8,1
LF:2
LH:2
BRF:0
BRH:0
end_of_record
